<?xml version="1.0" encoding="UTF-8"?>
<testng-results skipped="0" failed="0" ignored="0" total="1" passed="1">
  <reporter-output>
  </reporter-output>
  <suite name="Default suite" duration-ms="12165" started-at="2020-07-28T08:12:06Z" finished-at="2020-07-28T08:12:18Z">
    <groups>
    </groups>
    <test name="Default test" duration-ms="12165" started-at="2020-07-28T08:12:06Z" finished-at="2020-07-28T08:12:18Z">
      <class name="AmazonProject">
        <test-method status="PASS" signature="browserLaunch()[pri:0, instance:AmazonProject@6093dd95]" name="browserLaunch" is-config="true" duration-ms="7000" started-at="2020-07-28T08:12:06Z" finished-at="2020-07-28T08:12:13Z">
          <reporter-output>
          </reporter-output>
        </test-method> <!-- browserLaunch -->
        <test-method status="PASS" signature="test()[pri:0, instance:AmazonProject@6093dd95]" name="test" duration-ms="858" started-at="2020-07-28T08:12:13Z" finished-at="2020-07-28T08:12:13Z">
          <reporter-output>
          </reporter-output>
        </test-method> <!-- test -->
        <test-method status="PASS" signature="quitBrowser()[pri:0, instance:AmazonProject@6093dd95]" name="quitBrowser" is-config="true" duration-ms="4282" started-at="2020-07-28T08:12:13Z" finished-at="2020-07-28T08:12:18Z">
          <reporter-output>
          </reporter-output>
        </test-method> <!-- quitBrowser -->
      </class> <!-- AmazonProject -->
    </test> <!-- Default test -->
  </suite> <!-- Default suite -->
</testng-results>
